  [1m[35mSQL (1.4ms)[0m  [1m[35mCREATE EXTENSION IF NOT EXISTS "plpgsql"[0m
  [1m[35m (22.1ms)[0m  [1m[35mDROP TABLE IF EXISTS "gifts" CASCADE[0m
  [1m[35m (151.6ms)[0m  [1m[35mCREATE TABLE "gifts" ("id" bigserial primary key, "title" character varying NOT NULL, "description" character varying NOT NULL, "guest_id" integer NOT NULL, "created_at" timestamp NOT NULL, "updated_at" timestamp NOT NULL)[0m
  [1m[35m (14.2ms)[0m  [1m[35mCREATE  INDEX  "index_gifts_on_guest_id" ON "gifts"  ("guest_id")[0m
  [1m[35m (0.3ms)[0m  [1m[35mDROP TABLE IF EXISTS "guests" CASCADE[0m
  [1m[35m (20.5ms)[0m  [1m[35mCREATE TABLE "guests" ("id" bigserial primary key, "name" character varying NOT NULL, "age" integer NOT NULL, "favorite_color" character varying NOT NULL, "created_at" timestamp NOT NULL, "updated_at" timestamp NOT NULL)[0m
  [1m[35m (0.4ms)[0m  [1m[35mDROP TABLE IF EXISTS "invitations" CASCADE[0m
  [1m[35m (3.0ms)[0m  [1m[35mCREATE TABLE "invitations" ("id" bigserial primary key, "guest_id" integer, "party_id" integer, "created_at" timestamp NOT NULL, "updated_at" timestamp NOT NULL)[0m
  [1m[35m (1.8ms)[0m  [1m[35mCREATE  INDEX  "index_invitations_on_guest_id" ON "invitations"  ("guest_id")[0m
  [1m[35m (1.4ms)[0m  [1m[35mCREATE  INDEX  "index_invitations_on_party_id" ON "invitations"  ("party_id")[0m
  [1m[35m (0.4ms)[0m  [1m[35mDROP TABLE IF EXISTS "parties" CASCADE[0m
  [1m[35m (28.4ms)[0m  [1m[35mCREATE TABLE "parties" ("id" bigserial primary key, "name" character varying NOT NULL, "location" character varying NOT NULL, "created_at" timestamp NOT NULL, "updated_at" timestamp NOT NULL)[0m
  [1m[35m (3.9ms)[0m  [1m[35mCREATE TABLE "schema_migrations" ("version" character varying NOT NULL PRIMARY KEY)[0m
  [1m[35m (0.8ms)[0m  [1m[34mSELECT "schema_migrations"."version" FROM "schema_migrations" ORDER BY "schema_migrations"."version" ASC[0m
  [1m[35m (1.2ms)[0m  [1m[32mINSERT INTO "schema_migrations" (version) VALUES (20170714204346)[0m
  [1m[35m (0.8ms)[0m  [1m[32mINSERT INTO "schema_migrations" (version) VALUES
(20170714204119),
(20170714204225),
(20170714204315);

[0m
  [1m[35m (18.2ms)[0m  [1m[35mCREATE TABLE "ar_internal_metadata" ("key" character varying NOT NULL PRIMARY KEY, "value" character varying, "created_at" timestamp NOT NULL, "updated_at" timestamp NOT NULL)[0m
  [1m[36mActiveRecord::InternalMetadata Load (0.6ms)[0m  [1m[34mSELECT  "ar_internal_metadata".* FROM "ar_internal_metadata" WHERE "ar_internal_metadata"."key" = $1 LIMIT $2[0m  [["key", "environment"], ["LIMIT", 1]]
  [1m[35m (0.3ms)[0m  [1m[35mBEGIN[0m
  [1m[35mSQL (1.0ms)[0m  [1m[32mINSERT INTO "ar_internal_metadata" ("key", "value", "created_at", "updated_at") VALUES ($1, $2, $3, $4) RETURNING "key"[0m  [["key", "environment"], ["value", "development"], ["created_at", "2019-02-20 21:39:49.202442"], ["updated_at", "2019-02-20 21:39:49.202442"]]
  [1m[35m (0.4ms)[0m  [1m[35mCOMMIT[0m
  [1m[36mActiveRecord::InternalMetadata Load (0.8ms)[0m  [1m[34mSELECT  "ar_internal_metadata".* FROM "ar_internal_metadata" WHERE "ar_internal_metadata"."key" = $1 LIMIT $2[0m  [["key", "environment"], ["LIMIT", 1]]
  [1m[35m (0.2ms)[0m  [1m[35mBEGIN[0m
  [1m[35m (0.2ms)[0m  [1m[35mCOMMIT[0m
  [1m[35mSQL (0.9ms)[0m  [1m[35mCREATE EXTENSION IF NOT EXISTS "plpgsql"[0m
  [1m[35m (0.3ms)[0m  [1m[35mDROP TABLE IF EXISTS "gifts" CASCADE[0m
  [1m[35m (9.9ms)[0m  [1m[35mCREATE TABLE "gifts" ("id" bigserial primary key, "title" character varying NOT NULL, "description" character varying NOT NULL, "guest_id" integer NOT NULL, "created_at" timestamp NOT NULL, "updated_at" timestamp NOT NULL)[0m
  [1m[35m (1.7ms)[0m  [1m[35mCREATE  INDEX  "index_gifts_on_guest_id" ON "gifts"  ("guest_id")[0m
  [1m[35m (0.3ms)[0m  [1m[35mDROP TABLE IF EXISTS "guests" CASCADE[0m
  [1m[35m (22.5ms)[0m  [1m[35mCREATE TABLE "guests" ("id" bigserial primary key, "name" character varying NOT NULL, "age" integer NOT NULL, "favorite_color" character varying NOT NULL, "created_at" timestamp NOT NULL, "updated_at" timestamp NOT NULL)[0m
  [1m[35m (0.6ms)[0m  [1m[35mDROP TABLE IF EXISTS "invitations" CASCADE[0m
  [1m[35m (3.8ms)[0m  [1m[35mCREATE TABLE "invitations" ("id" bigserial primary key, "guest_id" integer, "party_id" integer, "created_at" timestamp NOT NULL, "updated_at" timestamp NOT NULL)[0m
  [1m[35m (2.0ms)[0m  [1m[35mCREATE  INDEX  "index_invitations_on_guest_id" ON "invitations"  ("guest_id")[0m
  [1m[35m (1.6ms)[0m  [1m[35mCREATE  INDEX  "index_invitations_on_party_id" ON "invitations"  ("party_id")[0m
  [1m[35m (0.3ms)[0m  [1m[35mDROP TABLE IF EXISTS "parties" CASCADE[0m
  [1m[35m (6.1ms)[0m  [1m[35mCREATE TABLE "parties" ("id" bigserial primary key, "name" character varying NOT NULL, "location" character varying NOT NULL, "created_at" timestamp NOT NULL, "updated_at" timestamp NOT NULL)[0m
  [1m[35m (4.0ms)[0m  [1m[35mCREATE TABLE "schema_migrations" ("version" character varying NOT NULL PRIMARY KEY)[0m
  [1m[35m (1.0ms)[0m  [1m[34mSELECT "schema_migrations"."version" FROM "schema_migrations" ORDER BY "schema_migrations"."version" ASC[0m
  [1m[35m (1.0ms)[0m  [1m[32mINSERT INTO "schema_migrations" (version) VALUES (20170714204346)[0m
  [1m[35m (0.8ms)[0m  [1m[32mINSERT INTO "schema_migrations" (version) VALUES
(20170714204119),
(20170714204225),
(20170714204315);

[0m
  [1m[35m (4.0ms)[0m  [1m[35mCREATE TABLE "ar_internal_metadata" ("key" character varying NOT NULL PRIMARY KEY, "value" character varying, "created_at" timestamp NOT NULL, "updated_at" timestamp NOT NULL)[0m
  [1m[36mActiveRecord::InternalMetadata Load (0.5ms)[0m  [1m[34mSELECT  "ar_internal_metadata".* FROM "ar_internal_metadata" WHERE "ar_internal_metadata"."key" = $1 LIMIT $2[0m  [["key", "environment"], ["LIMIT", 1]]
  [1m[35m (0.2ms)[0m  [1m[35mBEGIN[0m
  [1m[35mSQL (0.7ms)[0m  [1m[32mINSERT INTO "ar_internal_metadata" ("key", "value", "created_at", "updated_at") VALUES ($1, $2, $3, $4) RETURNING "key"[0m  [["key", "environment"], ["value", "development"], ["created_at", "2019-02-20 21:39:49.350686"], ["updated_at", "2019-02-20 21:39:49.350686"]]
  [1m[35m (0.6ms)[0m  [1m[35mCOMMIT[0m
  [1m[36mActiveRecord::InternalMetadata Load (0.3ms)[0m  [1m[34mSELECT  "ar_internal_metadata".* FROM "ar_internal_metadata" WHERE "ar_internal_metadata"."key" = $1 LIMIT $2[0m  [["key", "environment"], ["LIMIT", 1]]
  [1m[35m (0.1ms)[0m  [1m[35mBEGIN[0m
  [1m[35mSQL (0.6ms)[0m  [1m[33mUPDATE "ar_internal_metadata" SET "value" = $1, "updated_at" = $2 WHERE "ar_internal_metadata"."key" = $3[0m  [["value", "test"], ["updated_at", "2019-02-20 21:39:49.356221"], ["key", "environment"]]
  [1m[35m (0.6ms)[0m  [1m[35mCOMMIT[0m
  [1m[35m (1.2ms)[0m  [1m[34mSELECT "schema_migrations"."version" FROM "schema_migrations" ORDER BY "schema_migrations"."version" ASC[0m
  [1m[35m (0.3ms)[0m  [1m[35mBEGIN[0m
  [1m[35mSQL (1.2ms)[0m  [1m[32mINSERT INTO "guests" ("name", "age", "favorite_color", "created_at", "updated_at") VALUES ($1, $2, $3, $4, $5) RETURNING "id"[0m  [["name", "John Smith"], ["age", 45], ["favorite_color", "Blue"], ["created_at", "2019-02-20 21:39:49.446944"], ["updated_at", "2019-02-20 21:39:49.446944"]]
  [1m[35m (0.6ms)[0m  [1m[35mCOMMIT[0m
  [1m[35m (0.2ms)[0m  [1m[35mBEGIN[0m
  [1m[35mSQL (0.4ms)[0m  [1m[32mINSERT INTO "guests" ("name", "age", "favorite_color", "created_at", "updated_at") VALUES ($1, $2, $3, $4, $5) RETURNING "id"[0m  [["name", "Jane Doe"], ["age", 47], ["favorite_color", "Green"], ["created_at", "2019-02-20 21:39:49.450752"], ["updated_at", "2019-02-20 21:39:49.450752"]]
  [1m[35m (0.5ms)[0m  [1m[35mCOMMIT[0m
  [1m[35m (0.2ms)[0m  [1m[35mBEGIN[0m
  [1m[35mSQL (0.4ms)[0m  [1m[32mINSERT INTO "guests" ("name", "age", "favorite_color", "created_at", "updated_at") VALUES ($1, $2, $3, $4, $5) RETURNING "id"[0m  [["name", "Josh Brown"], ["age", 22], ["favorite_color", "Brown"], ["created_at", "2019-02-20 21:39:49.453308"], ["updated_at", "2019-02-20 21:39:49.453308"]]
  [1m[35m (0.6ms)[0m  [1m[35mCOMMIT[0m
  [1m[35m (0.2ms)[0m  [1m[35mBEGIN[0m
  [1m[35mSQL (0.4ms)[0m  [1m[32mINSERT INTO "guests" ("name", "age", "favorite_color", "created_at", "updated_at") VALUES ($1, $2, $3, $4, $5) RETURNING "id"[0m  [["name", "Helen White"], ["age", 25], ["favorite_color", "White"], ["created_at", "2019-02-20 21:39:49.455900"], ["updated_at", "2019-02-20 21:39:49.455900"]]
  [1m[35m (0.6ms)[0m  [1m[35mCOMMIT[0m
  [1m[35m (0.2ms)[0m  [1m[35mBEGIN[0m
  [1m[35mSQL (0.4ms)[0m  [1m[32mINSERT INTO "guests" ("name", "age", "favorite_color", "created_at", "updated_at") VALUES ($1, $2, $3, $4, $5) RETURNING "id"[0m  [["name", "Job Bluth"], ["age", 41], ["favorite_color", "Red"], ["created_at", "2019-02-20 21:39:49.458588"], ["updated_at", "2019-02-20 21:39:49.458588"]]
  [1m[35m (0.6ms)[0m  [1m[35mCOMMIT[0m
  [1m[35m (0.3ms)[0m  [1m[35mBEGIN[0m
  [1m[35mSQL (0.9ms)[0m  [1m[32mINSERT INTO "gifts" ("title", "description", "guest_id", "created_at", "updated_at") VALUES ($1, $2, $3, $4, $5) RETURNING "id"[0m  [["title", "A Bottle of Wine"], ["description", "This one is not so great."], ["guest_id", 1], ["created_at", "2019-02-20 21:39:49.484274"], ["updated_at", "2019-02-20 21:39:49.484274"]]
  [1m[35m (0.6ms)[0m  [1m[35mCOMMIT[0m
  [1m[35m (0.2ms)[0m  [1m[35mBEGIN[0m
  [1m[35mSQL (0.4ms)[0m  [1m[32mINSERT INTO "gifts" ("title", "description", "guest_id", "created_at", "updated_at") VALUES ($1, $2, $3, $4, $5) RETURNING "id"[0m  [["title", "Another Bottle of Wine"], ["description", "This one is not so bad."], ["guest_id", 1], ["created_at", "2019-02-20 21:39:49.487569"], ["updated_at", "2019-02-20 21:39:49.487569"]]
  [1m[35m (0.4ms)[0m  [1m[35mCOMMIT[0m
  [1m[35m (0.1ms)[0m  [1m[35mBEGIN[0m
  [1m[35mSQL (0.4ms)[0m  [1m[32mINSERT INTO "gifts" ("title", "description", "guest_id", "created_at", "updated_at") VALUES ($1, $2, $3, $4, $5) RETURNING "id"[0m  [["title", "The Hunger Games"], ["description", "A bit dark for a gift, but it's good."], ["guest_id", 2], ["created_at", "2019-02-20 21:39:49.490068"], ["updated_at", "2019-02-20 21:39:49.490068"]]
  [1m[35m (0.6ms)[0m  [1m[35mCOMMIT[0m
  [1m[35m (0.2ms)[0m  [1m[35mBEGIN[0m
  [1m[35mSQL (0.4ms)[0m  [1m[32mINSERT INTO "gifts" ("title", "description", "guest_id", "created_at", "updated_at") VALUES ($1, $2, $3, $4, $5) RETURNING "id"[0m  [["title", "Baseball Glove"], ["description", "Feel like a kid again!"], ["guest_id", 3], ["created_at", "2019-02-20 21:39:49.492691"], ["updated_at", "2019-02-20 21:39:49.492691"]]
  [1m[35m (0.5ms)[0m  [1m[35mCOMMIT[0m
  [1m[35m (0.2ms)[0m  [1m[35mBEGIN[0m
  [1m[35mSQL (0.4ms)[0m  [1m[32mINSERT INTO "gifts" ("title", "description", "guest_id", "created_at", "updated_at") VALUES ($1, $2, $3, $4, $5) RETURNING "id"[0m  [["title", "Basketball Tickets"], ["description", "The team's going 82-0 this year."], ["guest_id", 3], ["created_at", "2019-02-20 21:39:49.495068"], ["updated_at", "2019-02-20 21:39:49.495068"]]
  [1m[35m (0.6ms)[0m  [1m[35mCOMMIT[0m
  [1m[35m (0.2ms)[0m  [1m[35mBEGIN[0m
  [1m[35mSQL (0.5ms)[0m  [1m[32mINSERT INTO "gifts" ("title", "description", "guest_id", "created_at", "updated_at") VALUES ($1, $2, $3, $4, $5) RETURNING "id"[0m  [["title", "Hawaiian Getaway"], ["description", "Helen has the best gifts."], ["guest_id", 4], ["created_at", "2019-02-20 21:39:49.497777"], ["updated_at", "2019-02-20 21:39:49.497777"]]
  [1m[35m (0.5ms)[0m  [1m[35mCOMMIT[0m
  [1m[35m (0.2ms)[0m  [1m[35mBEGIN[0m
  [1m[35mSQL (0.8ms)[0m  [1m[32mINSERT INTO "parties" ("name", "location", "created_at", "updated_at") VALUES ($1, $2, $3, $4) RETURNING "id"[0m  [["name", "Secret Santa Extravaganza"], ["location", "Portland"], ["created_at", "2019-02-20 21:39:49.514369"], ["updated_at", "2019-02-20 21:39:49.514369"]]
  [1m[35m (0.5ms)[0m  [1m[35mCOMMIT[0m
  [1m[35m (0.2ms)[0m  [1m[35mBEGIN[0m
  [1m[35mSQL (0.4ms)[0m  [1m[32mINSERT INTO "parties" ("name", "location", "created_at", "updated_at") VALUES ($1, $2, $3, $4) RETURNING "id"[0m  [["name", "Charles' Christmas Party"], ["location", "San Francisco"], ["created_at", "2019-02-20 21:39:49.517511"], ["updated_at", "2019-02-20 21:39:49.517511"]]
  [1m[35m (0.6ms)[0m  [1m[35mCOMMIT[0m
  [1m[35m (0.2ms)[0m  [1m[35mBEGIN[0m
  [1m[35mSQL (0.9ms)[0m  [1m[32mINSERT INTO "invitations" ("guest_id", "party_id", "created_at", "updated_at") VALUES ($1, $2, $3, $4) RETURNING "id"[0m  [["guest_id", 1], ["party_id", 1], ["created_at", "2019-02-20 21:39:49.535477"], ["updated_at", "2019-02-20 21:39:49.535477"]]
  [1m[35m (0.5ms)[0m  [1m[35mCOMMIT[0m
  [1m[35m (0.2ms)[0m  [1m[35mBEGIN[0m
  [1m[35mSQL (0.4ms)[0m  [1m[32mINSERT INTO "invitations" ("guest_id", "party_id", "created_at", "updated_at") VALUES ($1, $2, $3, $4) RETURNING "id"[0m  [["guest_id", 2], ["party_id", 1], ["created_at", "2019-02-20 21:39:49.538870"], ["updated_at", "2019-02-20 21:39:49.538870"]]
  [1m[35m (0.5ms)[0m  [1m[35mCOMMIT[0m
  [1m[35m (0.2ms)[0m  [1m[35mBEGIN[0m
  [1m[35mSQL (0.4ms)[0m  [1m[32mINSERT INTO "invitations" ("guest_id", "party_id", "created_at", "updated_at") VALUES ($1, $2, $3, $4) RETURNING "id"[0m  [["guest_id", 3], ["party_id", 1], ["created_at", "2019-02-20 21:39:49.541533"], ["updated_at", "2019-02-20 21:39:49.541533"]]
  [1m[35m (0.6ms)[0m  [1m[35mCOMMIT[0m
  [1m[35m (0.2ms)[0m  [1m[35mBEGIN[0m
  [1m[35mSQL (0.4ms)[0m  [1m[32mINSERT INTO "invitations" ("guest_id", "party_id", "created_at", "updated_at") VALUES ($1, $2, $3, $4) RETURNING "id"[0m  [["guest_id", 4], ["party_id", 1], ["created_at", "2019-02-20 21:39:49.544381"], ["updated_at", "2019-02-20 21:39:49.544381"]]
  [1m[35m (0.5ms)[0m  [1m[35mCOMMIT[0m
  [1m[35m (0.2ms)[0m  [1m[35mBEGIN[0m
  [1m[35mSQL (0.4ms)[0m  [1m[32mINSERT INTO "invitations" ("guest_id", "party_id", "created_at", "updated_at") VALUES ($1, $2, $3, $4) RETURNING "id"[0m  [["guest_id", 5], ["party_id", 1], ["created_at", "2019-02-20 21:39:49.546940"], ["updated_at", "2019-02-20 21:39:49.546940"]]
  [1m[35m (0.4ms)[0m  [1m[35mCOMMIT[0m
  [1m[35m (0.2ms)[0m  [1m[35mBEGIN[0m
  [1m[35mSQL (0.5ms)[0m  [1m[32mINSERT INTO "invitations" ("guest_id", "party_id", "created_at", "updated_at") VALUES ($1, $2, $3, $4) RETURNING "id"[0m  [["guest_id", 3], ["party_id", 2], ["created_at", "2019-02-20 21:39:49.549653"], ["updated_at", "2019-02-20 21:39:49.549653"]]
  [1m[35m (0.5ms)[0m  [1m[35mCOMMIT[0m
  [1m[35m (0.2ms)[0m  [1m[35mBEGIN[0m
  [1m[35mSQL (0.4ms)[0m  [1m[32mINSERT INTO "invitations" ("guest_id", "party_id", "created_at", "updated_at") VALUES ($1, $2, $3, $4) RETURNING "id"[0m  [["guest_id", 4], ["party_id", 2], ["created_at", "2019-02-20 21:39:49.552421"], ["updated_at", "2019-02-20 21:39:49.552421"]]
  [1m[35m (0.5ms)[0m  [1m[35mCOMMIT[0m
  [1m[36mParty Load (0.9ms)[0m  [1m[34mSELECT "parties".* FROM "parties"[0m
  [1m[36mParty Load (0.5ms)[0m  [1m[34mSELECT  "parties".* FROM "parties" ORDER BY "parties"."id" ASC LIMIT $1[0m  [["LIMIT", 1]]
  [1m[36mInvitation Load (0.8ms)[0m  [1m[34mSELECT "invitations".* FROM "invitations" WHERE "invitations"."party_id" = $1[0m  [["party_id", 1]]
  [1m[36mGuest Load (0.9ms)[0m  [1m[34mSELECT "guests".* FROM "guests" INNER JOIN "invitations" ON "guests"."id" = "invitations"."guest_id" WHERE "invitations"."party_id" = $1[0m  [["party_id", 1]]
  [1m[36mGift Load (0.9ms)[0m  [1m[34mSELECT "gifts".* FROM "gifts" WHERE "gifts"."guest_id" = $1[0m  [["guest_id", 1]]
Started GET "/api/parties/1" for 127.0.0.1 at 2019-02-20 14:50:00 -0800
  [1m[35m (11.3ms)[0m  [1m[34mSELECT "schema_migrations"."version" FROM "schema_migrations" ORDER BY "schema_migrations"."version" ASC[0m
Processing by Api::PartiesController#show as JSON
  Parameters: {"id"=>"1"}
  [1m[36mParty Load (0.8ms)[0m  [1m[34mSELECT  "parties".* FROM "parties" WHERE "parties"."id" = $1 LIMIT $2[0m  [["id", 1], ["LIMIT", 1]]
  Rendering api/parties/show.json.jbuilder
  [1m[36mGuest Load (1.1ms)[0m  [1m[34mSELECT "guests".* FROM "guests" INNER JOIN "invitations" ON "guests"."id" = "invitations"."guest_id" WHERE "invitations"."party_id" = $1[0m  [["party_id", 1]]
  Rendered api/guests/_guests.json.jbuilder (41.4ms)
  Rendered api/parties/show.json.jbuilder (129.8ms)
Completed 200 OK in 249ms (Views: 174.1ms | ActiveRecord: 28.1ms)


Started GET "/api/parties/1" for 127.0.0.1 at 2019-02-20 14:50:54 -0800
Processing by Api::PartiesController#show as JSON
  Parameters: {"id"=>"1"}
  [1m[36mParty Load (1.0ms)[0m  [1m[34mSELECT  "parties".* FROM "parties" WHERE "parties"."id" = $1 LIMIT $2[0m  [["id", 1], ["LIMIT", 1]]
  Rendering api/parties/show.json.jbuilder
  [1m[36mGuest Load (2.3ms)[0m  [1m[34mSELECT "guests".* FROM "guests" INNER JOIN "invitations" ON "guests"."id" = "invitations"."guest_id" WHERE "invitations"."party_id" = $1[0m  [["party_id", 1]]
  Rendered api/guests/_guests.json.jbuilder (7.0ms)
  Rendered api/parties/show.json.jbuilder (28.0ms)
Completed 200 OK in 130ms (Views: 55.1ms | ActiveRecord: 30.4ms)


Started GET "/api/parties/1" for 127.0.0.1 at 2019-02-20 14:51:45 -0800
Processing by Api::PartiesController#show as JSON
  Parameters: {"id"=>"1"}
  [1m[36mParty Load (0.6ms)[0m  [1m[34mSELECT  "parties".* FROM "parties" WHERE "parties"."id" = $1 LIMIT $2[0m  [["id", 1], ["LIMIT", 1]]
  Rendering api/parties/show.json.jbuilder
  [1m[36mGuest Load (1.2ms)[0m  [1m[34mSELECT "guests".* FROM "guests" INNER JOIN "invitations" ON "guests"."id" = "invitations"."guest_id" WHERE "invitations"."party_id" = $1[0m  [["party_id", 1]]
  Rendered api/guests/_guests.json.jbuilder (5.3ms)
  Rendered api/parties/show.json.jbuilder (10.0ms)
Completed 200 OK in 23ms (Views: 19.8ms | ActiveRecord: 1.8ms)


Started GET "/api/parties/1" for 127.0.0.1 at 2019-02-20 14:52:20 -0800
Processing by Api::PartiesController#show as JSON
  Parameters: {"id"=>"1"}
  [1m[36mParty Load (0.9ms)[0m  [1m[34mSELECT  "parties".* FROM "parties" WHERE "parties"."id" = $1 LIMIT $2[0m  [["id", 1], ["LIMIT", 1]]
  Rendering api/parties/show.json.jbuilder
  [1m[36mGuest Load (1.1ms)[0m  [1m[34mSELECT "guests".* FROM "guests" INNER JOIN "invitations" ON "guests"."id" = "invitations"."guest_id" WHERE "invitations"."party_id" = $1[0m  [["party_id", 1]]
  Rendered api/guests/_guests.json.jbuilder (5.5ms)
  Rendered api/parties/show.json.jbuilder (25.9ms)
Completed 500 Internal Server Error in 41ms (ActiveRecord: 2.0ms)



TypeError - no implicit conversion of String into Integer:
  app/views/api/parties/show.json.jbuilder:5:in `block in _app_views_api_parties_show_json_jbuilder___2164475670646087023_70222636355180'
  app/views/api/parties/show.json.jbuilder:3:in `_app_views_api_parties_show_json_jbuilder___2164475670646087023_70222636355180'
  app/controllers/api/parties_controller.rb:9:in `show'

Started POST "/__better_errors/d75f5e825b8418b6/variables" for 127.0.0.1 at 2019-02-20 14:52:20 -0800
Started GET "/api/parties/1" for 127.0.0.1 at 2019-02-20 14:52:36 -0800
Processing by Api::PartiesController#show as JSON
  Parameters: {"id"=>"1"}
  [1m[36mParty Load (1.1ms)[0m  [1m[34mSELECT  "parties".* FROM "parties" WHERE "parties"."id" = $1 LIMIT $2[0m  [["id", 1], ["LIMIT", 1]]
  Rendering api/parties/show.json.jbuilder
  [1m[36mGuest Load (0.8ms)[0m  [1m[34mSELECT "guests".* FROM "guests" INNER JOIN "invitations" ON "guests"."id" = "invitations"."guest_id" WHERE "invitations"."party_id" = $1[0m  [["party_id", 1]]
  Rendered api/guests/_guests.json.jbuilder (4.4ms)
  Rendered api/parties/show.json.jbuilder (9.2ms)
Completed 200 OK in 24ms (Views: 19.7ms | ActiveRecord: 1.9ms)


Started GET "/api/parties/1" for 127.0.0.1 at 2019-02-20 14:53:46 -0800
Processing by Api::PartiesController#show as JSON
  Parameters: {"id"=>"1"}
  [1m[36mParty Load (0.7ms)[0m  [1m[34mSELECT  "parties".* FROM "parties" WHERE "parties"."id" = $1 LIMIT $2[0m  [["id", 1], ["LIMIT", 1]]
  Rendering api/parties/show.json.jbuilder
  [1m[36mGuest Load (1.2ms)[0m  [1m[34mSELECT "guests".* FROM "guests" INNER JOIN "invitations" ON "guests"."id" = "invitations"."guest_id" WHERE "invitations"."party_id" = $1[0m  [["party_id", 1]]
  [1m[36mGift Load (1.1ms)[0m  [1m[34mSELECT  "gifts".* FROM "gifts" WHERE "gifts"."guest_id" = $1 LIMIT $2[0m  [["guest_id", 1], ["LIMIT", 11]]
  Rendered api/gifts/_gifts.json.jbuilder (69.7ms)
  Rendered api/guests/_guests.json.jbuilder (93.1ms)
  Rendered api/parties/show.json.jbuilder (95.2ms)
Completed 500 Internal Server Error in 110ms (ActiveRecord: 17.7ms)


  [1m[36mCACHE Gift Load (0.0ms)[0m  [1m[34mSELECT  "gifts".* FROM "gifts" WHERE "gifts"."guest_id" = $1 LIMIT $2[0m  [["guest_id", 1], ["LIMIT", 11]]

NoMethodError - undefined method `title' for #<Gift::ActiveRecord_Associations_CollectionProxy:0x007fbbf48b7ba0>:
  app/views/api/gifts/_gifts.json.jbuilder:1:in `_app_views_api_gifts__gifts_json_jbuilder___4385644689495791607_70222619192000'
  app/views/api/guests/_guests.json.jbuilder:3:in `block (2 levels) in _app_views_api_guests__guests_json_jbuilder___600690207477126954_70222619383940'
  app/views/api/guests/_guests.json.jbuilder:2:in `block in _app_views_api_guests__guests_json_jbuilder___600690207477126954_70222619383940'
  app/views/api/guests/_guests.json.jbuilder:1:in `_app_views_api_guests__guests_json_jbuilder___600690207477126954_70222619383940'
  app/views/api/parties/show.json.jbuilder:4:in `block in _app_views_api_parties_show_json_jbuilder___2164475670646087023_70222606847120'
  app/views/api/parties/show.json.jbuilder:3:in `_app_views_api_parties_show_json_jbuilder___2164475670646087023_70222606847120'
  app/controllers/api/parties_controller.rb:9:in `show'

Started POST "/__better_errors/ebda07b8855f7dff/variables" for 127.0.0.1 at 2019-02-20 14:53:46 -0800
  [1m[36mGift Load (1.7ms)[0m  [1m[34mSELECT  "gifts".* FROM "gifts" WHERE "gifts"."guest_id" = $1 LIMIT $2[0m  [["guest_id", 1], ["LIMIT", 11]]
  [1m[36mCACHE Gift Load (0.0ms)[0m  [1m[34mSELECT  "gifts".* FROM "gifts" WHERE "gifts"."guest_id" = $1 LIMIT $2[0m  [["guest_id", 1], ["LIMIT", 11]]
  [1m[36mCACHE Gift Load (0.1ms)[0m  [1m[34mSELECT  "gifts".* FROM "gifts" WHERE "gifts"."guest_id" = $1 LIMIT $2[0m  [["guest_id", 1], ["LIMIT", 11]]
  [1m[36mCACHE Gift Load (0.0ms)[0m  [1m[34mSELECT  "gifts".* FROM "gifts" WHERE "gifts"."guest_id" = $1 LIMIT $2[0m  [["guest_id", 1], ["LIMIT", 11]]
  [1m[36mCACHE Gift Load (0.0ms)[0m  [1m[34mSELECT  "gifts".* FROM "gifts" WHERE "gifts"."guest_id" = $1 LIMIT $2[0m  [["guest_id", 1], ["LIMIT", 11]]
  [1m[36mCACHE Gift Load (0.0ms)[0m  [1m[34mSELECT  "gifts".* FROM "gifts" WHERE "gifts"."guest_id" = $1 LIMIT $2[0m  [["guest_id", 1], ["LIMIT", 11]]
  [1m[36mCACHE Gift Load (0.0ms)[0m  [1m[34mSELECT  "gifts".* FROM "gifts" WHERE "gifts"."guest_id" = $1 LIMIT $2[0m  [["guest_id", 1], ["LIMIT", 11]]
  [1m[36mCACHE Gift Load (0.0ms)[0m  [1m[34mSELECT  "gifts".* FROM "gifts" WHERE "gifts"."guest_id" = $1 LIMIT $2[0m  [["guest_id", 1], ["LIMIT", 11]]
Started GET "/api/parties/1" for 127.0.0.1 at 2019-02-20 14:54:58 -0800
Processing by Api::PartiesController#show as JSON
  Parameters: {"id"=>"1"}
  [1m[36mParty Load (2.1ms)[0m  [1m[34mSELECT  "parties".* FROM "parties" WHERE "parties"."id" = $1 LIMIT $2[0m  [["id", 1], ["LIMIT", 1]]
  Rendering api/parties/show.json.jbuilder
  [1m[36mGuest Load (1.2ms)[0m  [1m[34mSELECT "guests".* FROM "guests" INNER JOIN "invitations" ON "guests"."id" = "invitations"."guest_id" WHERE "invitations"."party_id" = $1[0m  [["party_id", 1]]
  Rendered api/guests/_guests.json.jbuilder (7.1ms)
  [1m[36mGift Load (0.5ms)[0m  [1m[34mSELECT "gifts".* FROM "gifts" WHERE "gifts"."guest_id" = $1[0m  [["guest_id", 1]]
  [1m[36mGift Load (0.7ms)[0m  [1m[34mSELECT "gifts".* FROM "gifts" WHERE "gifts"."guest_id" = $1[0m  [["guest_id", 2]]
  [1m[36mGift Load (0.7ms)[0m  [1m[34mSELECT "gifts".* FROM "gifts" WHERE "gifts"."guest_id" = $1[0m  [["guest_id", 3]]
  [1m[36mGift Load (0.5ms)[0m  [1m[34mSELECT "gifts".* FROM "gifts" WHERE "gifts"."guest_id" = $1[0m  [["guest_id", 4]]
  [1m[36mGift Load (0.7ms)[0m  [1m[34mSELECT "gifts".* FROM "gifts" WHERE "gifts"."guest_id" = $1[0m  [["guest_id", 5]]
  Rendered api/parties/show.json.jbuilder (25.8ms)
Completed 200 OK in 46ms (Views: 34.7ms | ActiveRecord: 7.2ms)


